<?xml version="1.0" encoding="UTF-8"?>
<!-- Generated by org.testng.reporters.JUnitReportReporter -->
<testsuite hostname="DESKTOP-2V6V6GU" failures="0" tests="1" name="ecommerce.mecys.automation.smoketest.EcommerceSmokeTest" time="1.480" errors="0" timestamp="2025-04-03T17:35:41 IST" skipped="0">
  <testcase classname="ecommerce.mecys.automation.smoketest.EcommerceSmokeTest" name="verifyHomepageLoadTest" time="1.480"/>
  <system-out/>
</testsuite> <!-- ecommerce.mecys.automation.smoketest.EcommerceSmokeTest -->
